Original array = 9 3 8 0 2 4 8 3 
Distinct Sorted Array = 0 2 3 4 8 9 

Original array = 0 5 2 2 7 3 7 9 0 2 
Distinct Sorted Array = 0 2 3 5 7 9 

Original array = 9 9 7 0 
Distinct Sorted Array = 0 7 9 

Original array = 9 8 6 5 7 6 2 7 0 3 9 9 9 1 
Distinct Sorted Array = 0 1 2 3 5 6 7 8 9 

Original array = 2 3 6 5 5 8 1 4 
Distinct Sorted Array = 1 2 3 4 5 6 8 

Original array = 1 3 8 4 8 0 4 6 0 3 2 6 9 4 1 3 7 8 
Distinct Sorted Array = 0 1 2 3 4 6 7 8 9 

Original array = 3 8 1 5 3 5 4 3 6 
Distinct Sorted Array = 1 3 4 5 6 8 

Original array = 9 5 4 9 1 7 
Distinct Sorted Array = 1 4 5 7 9 

Original array = 5 4 1 8 8 3 5 2 2 6 6 7 8 4 1 7 
Distinct Sorted Array = 1 2 3 4 5 6 7 8 

Original array = 8 7 8 7 7 4 4 9 1 5 5 5 
Distinct Sorted Array = 1 4 5 7 8 9 

